# JRE version: Java(TM) SE Runtime Environment (16.0+36) (build 16+36-2231)
# Java VM: Java HotSpot(TM) 64-Bit Server VM (16+36-2231, mixed mode, sharing, tiered, compressed oops, g1 gc, windows-amd64)
GC Precious Log:
 CPUs: 8 total, 8 available
 Memory: 6019M
 Large Page Support: Disabled
 NUMA Support: Disabled
 Compressed Oops: Enabled (32-bit)
 Heap Region Size: 1M
 Heap Min Capacity: 8M
 Heap Initial Capacity: 96M
 Heap Max Capacity: 2G
 Pre-touch: Disabled
 Parallel Workers: 8
 Concurrent Workers: 2
 Concurrent Refinement Workers: 8
 Periodic GC: Disabled
Heap:
 garbage-first heap   total 421888K, used 297181K [0x0000000080000000, 0x0000000100000000)
  region size 1024K, 104 young (106496K), 13 survivors (13312K)
 Metaspace       used 154579K, committed 155840K, reserved 561152K
  class space    used 19779K, committed 20416K, reserved 421888K
GC Heap History (20 events):
Event: 835.648 GC heap before
{Heap before GC invocations=96 (full 0):
 garbage-first heap   total 421888K, used 354149K [0x0000000080000000, 0x0000000100000000)
  region size 1024K, 188 young (192512K), 9 survivors (9216K)
 Metaspace       used 138135K, committed 139328K, reserved 544768K
  class space    used 17561K, committed 18176K, reserved 421888K
}
Event: 835.662 GC heap after
{Heap after GC invocations=97 (full 0):
 garbage-first heap   total 421888K, used 173847K [0x0000000080000000, 0x0000000100000000)
  region size 1024K, 12 young (12288K), 12 survivors (12288K)
 Metaspace       used 138135K, committed 139328K, reserved 544768K
  class space    used 17561K, committed 18176K, reserved 421888K
}
Event: 837.585 GC heap before
{Heap before GC invocations=97 (full 0):
 garbage-first heap   total 421888K, used 355095K [0x0000000080000000, 0x0000000100000000)
  region size 1024K, 187 young (191488K), 12 survivors (12288K)
 Metaspace       used 138167K, committed 139392K, reserved 544768K
  class space    used 17563K, committed 18176K, reserved 421888K
}
Event: 837.597 GC heap after
{Heap after GC invocations=98 (full 0):
 garbage-first heap   total 421888K, used 175555K [0x0000000080000000, 0x0000000100000000)
  region size 1024K, 11 young (11264K), 11 survivors (11264K)
 Metaspace       used 138167K, committed 139392K, reserved 544768K
  class space    used 17563K, committed 18176K, reserved 421888K
}
Event: 838.856 GC heap before
{Heap before GC invocations=98 (full 0):
 garbage-first heap   total 421888K, used 356803K [0x0000000080000000, 0x0000000100000000)
  region size 1024K, 188 young (192512K), 11 survivors (11264K)
 Metaspace       used 138167K, committed 139392K, reserved 544768K
  class space    used 17563K, committed 18176K, reserved 421888K
}
Event: 838.866 GC heap after
{Heap after GC invocations=99 (full 0):
 garbage-first heap   total 421888K, used 177569K [0x0000000080000000, 0x0000000100000000)
  region size 1024K, 13 young (13312K), 13 survivors (13312K)
 Metaspace       used 138167K, committed 139392K, reserved 544768K
  class space    used 17563K, committed 18176K, reserved 421888K
}
Event: 851.454 GC heap before
{Heap before GC invocations=99 (full 0):
 garbage-first heap   total 421888K, used 361889K [0x0000000080000000, 0x0000000100000000)
  region size 1024K, 191 young (195584K), 13 survivors (13312K)
 Metaspace       used 139838K, committed 141120K, reserved 544768K
  class space    used 17806K, committed 18432K, reserved 421888K
}
Event: 851.471 GC heap after
{Heap after GC invocations=100 (full 0):
 garbage-first heap   total 421888K, used 177352K [0x0000000080000000, 0x0000000100000000)
  region size 1024K, 13 young (13312K), 13 survivors (13312K)
 Metaspace       used 139838K, committed 141120K, reserved 544768K
  class space    used 17806K, committed 18432K, reserved 421888K
}
Event: 853.168 GC heap before
{Heap before GC invocations=100 (full 0):
 garbage-first heap   total 421888K, used 359624K [0x0000000080000000, 0x0000000100000000)
  region size 1024K, 191 young (195584K), 13 survivors (13312K)
 Metaspace       used 139839K, committed 141120K, reserved 544768K
  class space    used 17806K, committed 18432K, reserved 421888K
}
Event: 853.181 GC heap after
{Heap after GC invocations=101 (full 0):
 garbage-first heap   total 421888K, used 179405K [0x0000000080000000, 0x0000000100000000)
  region size 1024K, 15 young (15360K), 15 survivors (15360K)
 Metaspace       used 139839K, committed 141120K, reserved 544768K
  class space    used 17806K, committed 18432K, reserved 421888K
}
Event: 854.607 GC heap before
{Heap before GC invocations=101 (full 0):
 garbage-first heap   total 421888K, used 362701K [0x0000000080000000, 0x0000000100000000)
  region size 1024K, 194 young (198656K), 15 survivors (15360K)
 Metaspace       used 139839K, committed 141120K, reserved 544768K
  class space    used 17806K, committed 18432K, reserved 421888K
}
Event: 854.630 GC heap after
{Heap after GC invocations=102 (full 0):
 garbage-first heap   total 421888K, used 173698K [0x0000000080000000, 0x0000000100000000)
  region size 1024K, 9 young (9216K), 9 survivors (9216K)
 Metaspace       used 139839K, committed 141120K, reserved 544768K
  class space    used 17806K, committed 18432K, reserved 421888K
}
Event: 858.835 GC heap before
{Heap before GC invocations=102 (full 0):
 garbage-first heap   total 421888K, used 366210K [0x0000000080000000, 0x0000000100000000)
  region size 1024K, 197 young (201728K), 9 survivors (9216K)
 Metaspace       used 140837K, committed 142080K, reserved 552960K
  class space    used 17949K, committed 18560K, reserved 421888K
}
Event: 858.850 GC heap after
{Heap after GC invocations=103 (full 0):
 garbage-first heap   total 421888K, used 175504K [0x0000000080000000, 0x0000000100000000)
  region size 1024K, 11 young (11264K), 11 survivors (11264K)
 Metaspace       used 140837K, committed 142080K, reserved 552960K
  class space    used 17949K, committed 18560K, reserved 421888K
}
Event: 862.962 GC heap before
{Heap before GC invocations=103 (full 0):
 garbage-first heap   total 421888K, used 370064K [0x0000000080000000, 0x0000000100000000)
  region size 1024K, 198 young (202752K), 11 survivors (11264K)
 Metaspace       used 151064K, committed 152320K, reserved 561152K
  class space    used 19441K, committed 20032K, reserved 421888K
}
Event: 863.061 GC heap after
{Heap after GC invocations=104 (full 0):
 garbage-first heap   total 421888K, used 196416K [0x0000000080000000, 0x0000000100000000)
  region size 1024K, 25 young (25600K), 25 survivors (25600K)
 Metaspace       used 151064K, committed 152320K, reserved 561152K
  class space    used 19441K, committed 20032K, reserved 421888K
}
Event: 864.934 GC heap before
{Heap before GC invocations=104 (full 0):
 garbage-first heap   total 421888K, used 350016K [0x0000000080000000, 0x0000000100000000)
  region size 1024K, 176 young (180224K), 25 survivors (25600K)
 Metaspace       used 153956K, committed 155200K, reserved 561152K
  class space    used 19735K, committed 20352K, reserved 421888K
}
Event: 864.994 GC heap after
{Heap after GC invocations=105 (full 0):
 garbage-first heap   total 421888K, used 198180K [0x0000000080000000, 0x0000000100000000)
  region size 1024K, 7 young (7168K), 7 survivors (7168K)
 Metaspace       used 153956K, committed 155200K, reserved 561152K
  class space    used 19735K, committed 20352K, reserved 421888K
}
Event: 865.795 GC heap before
{Heap before GC invocations=105 (full 0):
 garbage-first heap   total 421888K, used 321060K [0x0000000080000000, 0x0000000100000000)
  region size 1024K, 129 young (132096K), 7 survivors (7168K)
 Metaspace       used 154320K, committed 155584K, reserved 561152K
  class space    used 19775K, committed 20416K, reserved 421888K
}
Event: 865.823 GC heap after
{Heap after GC invocations=106 (full 0):
 garbage-first heap   total 421888K, used 203997K [0x0000000080000000, 0x0000000100000000)
  region size 1024K, 13 young (13312K), 13 survivors (13312K)
 Metaspace       used 154320K, committed 155584K, reserved 561152K
  class space    used 19775K, committed 20416K, reserved 421888K
}

